?
?
?
?
? 
? 
? 
? 
? 
? 
? 
? 
? ļ
?ư
?
?
?
?
?
?
?
?鼭
?
?
?ͱ
?
?
?
?
?
?
?ī
?ļ
?Ű
iGamexcoinjCBNm
10 
10 
10  ġ
10 
10 ġ
10 
10JIL
10
10
10߳
10߳
10߳
10ߴ
10
10
10
10곢
10 ġ
10ġ
10
10ٳ
10ٳ
10ٴ
10â
10ò
10
10ʾ
10
10ȳ
10ȳ
10ȿ
10ҳ
10ҿ
18 
18  
18 
18  
18 긮
18  
18  
18 
18 
18  
18 
18 
18
18
18
18
18
18
18
18 
18긮
18 
18 
18
18 
18
18 
18
2000FUND
288C
2C 
2C8
2C
4KKASI
AC
ASIANGIRL
BACKBOJYTV
BBAGOORI
BBAGURY
BESTBOZI
BOGY
BOJI
BOJY
BOJYTY
BOZI
BOZICAM
BOZY
BUNSEC
BUNSEK
BYUNTAE
BYUNTAESEX
CLUBERO
COMESEK
COMSEK
CONDOM
COSEX
COSEX.NET
DAMOIMSEX
ERO2030
ERO69
EROASIA
EROCINE
EROSASIA
EROSIAN
EROSTYLE
FUCK
FUCKYOU
GABOZI
GAGASEXY
GOJASEX
HARDCOREPORNO
HENTAI
HOSTMASTER
HOTBOJY
HOTSEX
HOTSEXKOREA
HTM Game_
IJSEX
ILOVESEX
JAJI
JAMJI
JASAL
JAWE
JAWI
JAZI
JAZY
JOT
KGIRLMOLCA
KINGSEX
KSEX
KSEX.NET
LIVE10TV
LIVE69TV
MANABOZI
MOLCA
MOLCAAV
MOLCACD
MOLCANARA
MOLCAPARTY
MOLCAPORNOTV
MOLCASEX
MOLCASEXNIPON
MOLCATV
Mr. SiuCM
MRCONDOM
MULYOSEX
ORAL
ORALSEXTV
PHONESEC
PHONSEC
PHONSEK
PLAYBOZI
PORNO
PORNOBOZI
PORNOMANA
PORNOPLAYBOY
PORNSEX
RUNSEX
S E X
S EX
S2X
SE X
SEX
SEX123
SEX18
SEX1818
SEX4969
SEXBBS
SEXBOARD
SEXBUIN
SEXCOREA
SEXEROS
SEXGOODS
SEXHANGAME
SEXJAPAN
SEXJJ
SEXKOREA
SEXKOREA,NET
SEXKOREA.COM
SEXKOREA.NET
SEXKOREA21
SEXMAXX
SEXMOLCA
SEXMOLKA
SEXMOVIE
SEXMUSA
SEXNIPON
SEXPDS
SEXPIA
SEXPORNO
SEXSEXY
SEXSHOP
SEXTV
SEXWAL
SEXWALL.COM
SEXWAREZ
SEXXMOLCATV
SEXY
SEXYADONG
SEXYCLIK
SEXYJAPAN
SEXYMAP
SEXYNMALL
SEXYSOUL
SEXYX
SORASEX
SOSSEX
SWAP
SWAPING
SX
TVBOZI
WONJOSEX
WORLDSEX
www.288game.com
www.gameneed.com
www.game-seed.com
www.gameworld.com
www.gamexcoin.com
www.hkgamemoney.com
www.hkgameok.com
www.hkmogame.com
www.htmgame.com
www.ltgame852.com
www.mrsiu.com
YADONGMOLCA
YAHANBOZI
YESMOLCA
YESSEX
YOUNGSEX
ZASAL
ZAZI
ZOT
ZOTTE
     
    
   
  
  
  
  
   
  
 
 
 
 
  
 
H
 
  
 
  
 






 

 

  

     
Ӥ
ӤӤ
  
 ӹ
 
ӹ
  
   
   
  η
 ӹ
 Ӻ 
 Ӻ 
 Ӻζ
 Ӻη
 
  
  
 ζ
 η
ӹ
Ӻ 
Ӻ 
Ӻζ
Ӻη
   
  þ 
  þ
  ģ 
  ģ
  Ƽ
 þ 
 þ
 ģ 
 ģ
Lģ
  
 þ 
 þ
 
 ġ 
 ģ
 ģ 
 ģ
Ӥӳ
þ 
þ

ġ
ģ
ģ 
ģ
 ãp

   
   
R



   
 
 
 
   
     
  
  
 
   
  ޳
  
 Ӵ 
 Ӵ޳
 
   
  
 Ӻ 
 Ӻ
  
 
  
 Ҿ
Ӻ 
Ӻ
Ӻζ
Ӻ 
ӺҾ
  
 
 
 





 
 
 




 
 
Ĥ
Ĥ

  
 ޳
 
 
 
  
 
 
Ӵ 
Ӵ޳
ӹ
Ӻ
ӻ



  
   
  
   
  ҳ
  Ҿ
   
  
 ӹ
 Ӻ 
 Ӻ
 Ӻ 
 Ӻζ
 Ӻ 
 Ӻ 
 Ӻҳ
 ӺҾ
 Ӻ 
 Ӻ
1
1
L



Ĥ
 
 
Ƥ
Ƴ
  
 
  
  
 ҳ
 Ҿ
  
 
ӹ
Ӻ 
Ӻ
Ӻ 
Ӻζ
Ӻ 
Ӻ 
Ӻҳ
ӺҾ
Ӻ 
Ӻ
   
  
 
 
 ѻ
  
  



 
 
 
 







 
Ĥ
Ĺ
 




 Game $
 game $
 GAME $
 Game C
 game C
 GAME C
 Game@$
 game@$
 GAME@$
 Game@C
 GAME@C
 game@C
  $
 բ $
  C
 բ C
 @$
 բ@$
 @C
 բ@C
@Game $
@GAME $
@game $
@Game C
@game C
@GAME C
@Game@$
@GAME@$
@game@$
@Game@C
@game@C
@GAME@C
@բϢۢ $
@բϢۢ $
@բ $
@ $
@բϢۢ C
@ C
@բϢۢ C
@բ C
@բϢۢӡ@$
@բ@$
@բϢۢӡ@$
@@$
@բϢۢӡ@C
@@C
@բϢۢӡ@C
@բ@C
 Game$
 game$
 GAME$
 GameC
 GAMEC
 gameC
 $
 բ$
 C
 բC
@Game$
@game$
@GAME$
@GameC
@gameC
@GAMEC
@բϢۢ$
@$
@բϢۢ$
@բ$
@բϢۢӢC
@բC
@բϢۢӢC
@C
 Game
 GAME
 game
 
 բ
@Game
@GAME
@game
@բϢۢӿ
@բ
@
@բϢۢӿ
 C $
 C C
 C@$
 C@C
@C $
@C C
@C@$
@C@C
 C$
 CC
@C$
@C$
@CC
 C $
 C C
 C@$
 C@$
 C@C
@C $
@C C
@C@$
@C@C
 C$
 CC
@CC
 C
@C
 C
@C
  $
  C
 ڡ@$
 ڡ@C
 $
 ڢC
 ڹ
Game $
GAME $
game $
Game C
game C
GAME C
Game@$
GAME@$
game@$
Game@C
GAME@C
game@C
 $
բ $
բϢۢ $
 C
բ C
բϢۢ C
@$
բ@$
բϢۢӡ@$
@C
բϢۢӡ@C
բ@C
Game$
game$
GAME$
GameC
gameC
GAMEC
$
բϢۢ$
բ$
C
բC
բϢۢӢC
Game
GAME
game

բ
բϢۢӿ
C $
C C
C@$
C@C
C$
CC
C $
C C
C@$
C@C
C$
CC
C
C
 $
 C
ڡ@$
ڡ@C
$
ڢC
ڹ

Ψۨ
EX
ߩѩ
 game $
 GAME $
 Game $
 GAME C
 game C
 Game C
 GAME@$
 game@$
 Game@$
 game@C
 GAME@C
 Game@C
 բ $
  $
 բ C
  C
 բ@$
 @$
 բ@C
 @C
@game $
@GAME $
@Game $
@GAME C
@game C
@Game C
@GAME@$
@game@$
@Game@$
@GAME@C
@game@C
@Game@C
@բ $
@ $
@բϢۢ $
@բϢۢ $
@բ C
@բϢۢ C
@ C
@բϢۢ C
@@$
@բϢۢӡ@$
@բ@$
@բϢۢӡ@$
@բ@C
@բϢۢӡ@C
@@C
@բϢۢӡ@C
 GAME$
 game$
 Game$
 gameC
 GAMEC
 GameC
 բ$
 $
 բC
 C
@GAME$
@game$
@Game$
@GAMEC
@gameC
@GameC
@$
@բϢۢ$
@բ$
@բϢۢ$
@բC
@բϢۢӢC
@C
@բϢۢӢC
 Game
 game
 GAME
 
 բ
@Game
@game
@GAME
@բϢۢӿ
@բϢۢӿ
@բ
@
 C $
 C C
 C@$
 C@C
@C $
@C C
@C@$
@C@C
 C$
 CC
@C$
@CC
 C $
 C C
 C@$
 C@C
@C $
@C C
@C@$
@C@C
 C$
 CC
@C$
@CC
 C
@C
 C
@C
  $
  C
 ڡ@$
 ڡ@C
 $
 ڢC
 ڹ
GAME $
game $
Game $
GAME C
game C
Game C
game@$
GAME@$
Game@$
GAME@C
game@C
Game@C
բ $
բϢۢ $
 $
բϢۢ C
բ C
 C
բϢۢӡ@$
բ@$
@$
բϢۢӡ@C
բ@C
@C
Game$
GAME$
game$
GAMEC
gameC
GameC
բϢۢ$
բ$
$
բϢۢӢC
բC
C
Game
game
GAME

բϢۢӿ
բ
C $
C C
C@$
C@C
C$
CC
C $
C C
C@$
C@C
CC
C
C
 $
 C
ڡ@$
ڡ@C
$
ڢC
ڹ

@CM橱
HCM
CKQ
CM_
ư
ư

ٳ
ٿ


 
 


 

 ?
    
  ư
 ġ
 
 
 
 
 
 
  
 
 
  
  
 
 
  
 
  Ű
 
 Ű
  
  ű
 
 
 
 
 Ű
 
 
 
  
  Ű
 
 
  
  
 
 
 Ű
  Ű
 Ű
  
  
 ˱
  
  
  
  
  
  
 ֳ
 ֳ
 ִ
 ִ
 ֿ
 ֿ
 
  
  
 
 ࿬
 
  
 
 
  
  R
 
 R
 
  
  
 ڽ
 ښ
  
 
 
  
 
 F
 M
 U
 
 
 w
  ?
  
  
  
  Ű
 ?
 ñ
 ó
 ù
 Ű
 
 
 
  
   
 
 
?


ư

ġ






Ƕ
 


ζ
η
Ҿ

 
 






ŷ





 Ű

Ű
ŷ
 

ű





 Ű
Ű
Ҹ


Ⳣ


踮


 




 
 
 Ű





ļ
Ű


Ű
 Ű
Ű

 
 
˳
Ű
 
 
 
 
 
 
ֳ
ֳ
ֳ
ִ
ִ
ֿ
ֿ

ز
س

ٳ
 
 




࿬


 




 
 R


R

â


â
 
 
ڽ
ڽ

ښ
 
 


 





 



F
M
U





ļ
Ű

w
 ?
 
 
 
 Ű
?
ñ
ó
ù
Ű




 
 




ļ
Ű
F
O


Ķ
ķ





곢

Ż
 
 
 
  Ű
 Ű
  Ű
 
 ˳
Գ
Գ
Գ
Դ
Դ
Ի
Ի
Ի
Ի
Ի
Լ
Լ
Լ
Լ
Լ
Լ Ű
Խ
Խ
Խ
ԽŰ
Խó
Խ
Խر
Խٳ
贤
质
ൿ


 ȯ

켽

Ƽ
³
¿
ȯ


 
 





ȯκ

ۿ Ǳ
ۿǱ
 θƮ
θƮ
¼Ŭ
 
˛
͵
װϰ
װ 
װҳ
װҳ
װҳ
װҳ
װһ
װҿ
װ
װ
׳
׷켽
׷켽

Ű




ģ
ģ
 

ٱ
 

÷
ø
ø
İ
 ʸ
 Ծ
 Ծ
 Ծ
ʸ
ҷ
ΰ

Ծ
Ծ
Ծ
 
۳
۴
ƘA



༽üӿ
ⱸ
ܷÿǰ
ⱸ
ְԹ
ְ;
ְΰ
׿
ۺ

 ڽ
ڽ
 Ƽ




Ƽ
 ڽ
ڽ
 


ī


弽

彺ġ

õ
Ŀ
Ŭ
ʸ
ȭ
  
 
 



̷
̷
̹
ױ
˸
̱͹
̱
̹
̒â
   
  
 
 
  
  
 ̶
 ̷
 ̷
 
  
 ֹ
  
 
?
ϱ͹
ϱ 
ϱ
Ϲ
Ϲ
Ϲ 
Ϲ 
Ϲ̶
Ϲ̷
Ϲ̸
Ϻ
Ͼ 
Ͼֹ
Ͼֺ
Ͼ
Ͼ
Ͽ
Ͽ
Ͽ

Ҷ
ְ
ϒ
̶
ױ
ٸ
ٸ
ٸ
ٺ
ٺڼοȭ

̼

ڼŻ
ֱ
ش
ٲ
ٳ



Ƽ


켽
켽NIPON

εμ
巯 
巯
޺οȭ
м

Ա
Դ
Ծ
ٷ


̰
  
 
  
 
 


 

ġ
ġ
R game $
R GAME $
R Game $
R GAME C
R game C
R Game C
R GAME@$
R game@$
R Game@$
R game@C
R GAME@C
R Game@C
R բ $
R  $
R բ C
R  C
R բ@$
R @$
R բ@C
R @C
R@GAME $
R@game $
R@Game $
R@game C
R@GAME C
R@Game C
R@game@$
R@GAME@$
R@Game@$
R@GAME@C
R@game@C
R@Game@C
R@բ $
R@բϢۢ $
R@ $
R@բϢۢ $
R@բϢۢ C
R@բ C
R@ C
R@բϢۢ C
R@բ@$
R@բϢۢӡ@$
R@@$
R@բϢۢӡ@$
R@@C
R@բϢۢӡ@C
R@բ@C
R@բϢۢӡ@C
R Game$
R game$
R GAME$
R game$
R GAMEC
R gameC
R GameC
R $
R բ$
R բC
R C
R@Game$
R@GAME$
R@game$
R@gameC
R@GAMEC
R@GameC
R@բϢۢ$
R@բϢۢ$
R@բ$
R@$
R@բϢۢӢC
R@բC
R@C
R@բϢۢӢC
R Game
R game
R GAME
R 
R բ
R@Game
R@game
R@GAME
R@բϢۢӿ
R@
R@բϢۢӿ
R@բ
R C $
R C C
R C@$
R C@C
R@C $
R@C C
R@C@$
R@C@C
R C$
R CC
R@C$
R@CC
R C $
R C C
R C@$
R C@C
R@C $
R@C C
R@C@$
R@C@C
R C$
R CC
R@C$
R@CC
R C
R@C
R C
R@C
R  $
R  C
R ڡ@$
R ڡ@C
R ڡ@C
R $
R ڢC
R ڹ
Rgame $
RGAME $
RGame $
Rgame C
RGAME C
RGame C
RGAME@$
Rgame@$
RGame@$
RGAME@C
Rgame@C
RGame@C
RբϢۢ $
Rբ $
R $
RբϢۢ C
Rբ C
R C
RբϢۢӡ@$
Rբ@$
R@$
RբϢۢӡ@C
Rբ@C
R@C
RGame$
RGAME$
Rgame$
RgameC
RGAMEC
RGameC
R$
Rբ$
RբϢۢ$
RբϢۢӢC
RբC
RC
RGame
RGAME
Rgame
R
Rբ
RբϢۢӿ
RC $
RC C
RC@$
RC@C
RC$
RC$
RCC
RC $
RC C
RC@$
RC@C
RC@C
RC$
RCC
RC
RC
R $
R C
Rڡ@$
Rڡ@C
Rڡ@C
R$
RڢC
Rڹ

Ķ
ĥ
ʸ
ʺ
 
 U
ٹ
ٔU
 
ݻ
 
 
߰ǹ
߹
߹
 
 
 
 
 




级
 

 
 
 
 
  
  
 ζ
 η
 
  
  
 
 귲
 
 

츮 






캧
 
 
ζ
η


 
 

귲
̹
̹
̹
̹
̹
̺
̺


Ǯ



Ǯ
 
 
 
 






Ƽ
̺ Ʈ
̺꼽
̺꽺Ʈ
ڻ缺οǰ
꺣
꼽Ŭ
ڼοǰ
ȣ
þư
弽TV
θŸ
ѸŸ
뼽

󼽽÷
󿡷


ϾƼ
 ̼
ͺ̼

ֲ
ٳ
ٺ



 Ŀ
Ŀ
ȭ
ڽ

°  
°
 ģ
 Ƹ

ģ
 ģ
 Ƹ
ģ
Ƹ
뼽

ī޶
ķڴ
ī
 
ٲ
ȿ
ķ

Ĵ
Ķ
C@-~
CM

ī
Ἲ
Ἲε
Ἲθȭ
Ἲι
ἺνƮ
Ἲο
Ἲοȭ
Ἲ
Ἵ
Ἵ
ἽƮ
߼

뵿


ģ
 ģ
Q
Q
Q
Q
Q
ģ
ģ
ģ
ģ
ģ
 ?
  
 Q
 h
 x
 
 
 
 
  
 
 õ
 ù
 
 
 
 
  
 
 
 
 ġ 
 ģ
 ģ 
 ģ
 ħ
 Ī
 Ƥ
 ư
 Ƹ
 Ƽ
?
̯Q
̯h
̯x
̱
̶
̶
̷
̷
̸
̸
̸
̼ҳ༽̵
̽
̽ܵ
̽꽺
̾
̾Ƹ
 
 


õ
ù
þ




 

켼
콦


ġ 
ġ 
ġ 
ġ
ġ
ģ
ģ 
ģ
ģ
ģ
ģ
ģ
ģ
ģ
ģ
ģ
ģڽ
ħ
Ī
Ƥ
ư
Ƹ
Ƽ
ƾ
ƾ
μ;߼

 ģ
ģ
 ģ
ر
ر绡
â
ģ
ٱ
̺극
̺
 ť
ڰ
ڰʹ
ڰ
ھٰ
ھٲ


ť
ۿٽҲ
߱
 


  
 
 
 
 




ʾ
  

 

 
 ť

ť





ŷ





 
 
 



  


׽

GIR
GIRL
T
YOU 







 
 
 
 
 
 
  
 
 
 
 
















M
  
 
 ֤
 
 
 ¢
 
 
,
.
G
Z
p
 
ȴ

֤


 










 


¢
¢ 
¢



 
 


 p
 
̣p

ζ
ζ
η
κμ
ŷ
Ҿ
 
ؾ
 

 

 

  
 
񷯸
񷯸
йȣ 

 

׽
ϽŬ
 
 
 
 
 
 
 
 
 
 













  
 
  

 




ٸ








ť
 ť

ť
 


鸮
Ķ
ص


ʹ
;


ͳ
;




Ƶ
ƺ
ƺ

ְ;
ٰ
ٱ
ٱ
ٲ
ٲ
ٷ
ټ־
ٿ


Ӿھ



  
  
 
 
 
 



 



 ť
ƻ׸
ť
 ť
 ŷ



ť
ť
ŷ
 ť



ť

 
ƽ
  
 
 ť
ǰ
Ƿγ
Ǹ
Ǹ
Ǹ
ť
 ť
ť
ʳ
ʷγ
 
;
 
 
н
о
 
׾
  
ؿ
 
ٽ
 
 
߲
߸
 
౸
 
潮
澰

  
   
  
 
 
  
 ù
  H
 ӈH
 â 
 â
礡
礡
礢
礢  
礢 
礢
礢
  
 
 
 


ġ
 H
ӈH
̹
â 
â
ī
īġ

 

빫

  
 
 
 
  
 
X





Ű

 
 
 
 
 ļ













 
ڸ



ļ
Ű
Ʈ



  
  
 ӳ

ҳ
 
 
ӳ
 

 




ǳ
ǿ
Ǹ
̻
 
 
 
X

Խ


λ






ⱸ
Ÿ

ⱸ

Ȱ


屸
 
 Խ
 
 ̹ȭ
 ȭ
 
 
 ȭ
 Ʈ
 ڷ
CD
IJ
ΰ
ΰԽ
α׸
α
γ
γ̹ȭ
δ
δ
δȭ
δȭ
ε
ε
θȭ
θȭ
θȭõ
θ
θ
ι
ιᵿ
ιƮ
ι῵ȭ
ι
ι
ι̽ũ
ιù
ι
ι
ι۱
ι۾ȳ
κ
κ
κ
λƮ
λƮҰ
λ
λǰ
λ
μ
μ
μ
μҳ
μҶ̵
μҼ
μ
μ
μθ
νƮ
νƮ
ξִ
ξִϸ̼
ξߵ
ξ߻
ξ߼
ξķ
ξȭ
οι
οοȭ
ο
οDAMOIM
ο
οȭ
οȭ
οȭ
οȭ
οȭ
οȭõ
οͷ
ο
οCD
οǰ
οǰż
οǰ
οǰ
οǰθ
οǰθ

̹
Ϻ
ڷ
ڷ




ä
ê
õ
ü
ī
ī

Ŭ
Ż
÷
÷
ȭ
ȭä
÷
ü
ü

浿
Ŭ
ũ


  
 
 Ű
 
Ի



촩
켽
׽







Ű

 
 
,
.
S

ɴ









Ҹ




TV
WAVE
ð
ð
ðƮ
ó
óƮ
ô
ô
øŰ
ø
ù
û
ü
üοǰ
üڸ
ýŸ
ýŹ
þ
þ
ÿδ
ÿTV
ÿ
ÿ



¯

ڵ
ڸ
Ŭ
Ŭ

Ƽ


Ƽ
Ƽ
Ʈ
ϰ
ϱ


ѹ



ڽ
ӱ
 
 

 Ű
Ű
Ŭ

ŷ
ŷ
ŷڸ
ŷ



Ű
 
 
 




̺
Ű




 
 
 
 
 
 
 
 
 R
 W
 U
 
 
 
 
 



潦












R
W


̹
̹
̹
̹
̹
̺
̺
̺
̻


Ǯ
U





Ǯ
 
 

θ

 
 
 
 
 
 
 
















 
 







Ʈ 
Ʈ 
Ʈ


 

  
 ۳
  
 ޳
 
 
 
 
 
 
 
 N
 R
 S
 a
 
 m
 t
  
  
  
  
 ӳ
 ӳ
 ӳ
 Ӵ
  
  
  
 
 
 
  
 M
 P
 V
 W
 u
 U
 b
 
 
  
  
 ȳ
 ȳ
 
 
 
?
ñ 
ñ۳
ó
ôٹٸ
ô 
ô޳
ô
ô
õ
õ
ù
ù
ù
ù߳
ù߳
ù߳
ù
ù
ù漼
ù潦
ù
ù
ù
ú
ú
úŰ
ú
úζ
úη
úθ
ú
ú
ú
ú
ú
ûN
ûR
ûS
ûa
û
û
ým
ýt
þƴ
þ 
þ 
þ 
þ 
þӳ
þӳ
þӳ
þ 
þ 
þ 
þ
þ
þ
þ紮
̹
̹
̹
̹
̺
̺
̺
Ǯ

ÓM
ÓP
ÓV
ÓW
Óu
ÔU
Ôb
Ô


 
 



Ǯ
 
 



Ҹ
ǸϿ콺οǰ
ǹ
ī
ȻW
ɾTV

 8
 
 
 
 
 
  ļ
 ļ
 
 
 
 
 
   
  
 ʱ
 
 
  
  
  
 ȳ
 ȷ
 ȿ
  
  
 ҳ
 ҷ
8
ʳ
ʳ
ʳ
ʶ 
ʶ
ʶ
ʶ
ʹ
ʹ
ʻ
ʻ ļ
ʻ
ʻ
ʻļ
ʻŰ
ʻ
ʻ
ʻ
ʻ
ʼ
ʼ
ʼ⸮
ʽ
ʽ
ʽ
ʽ
ʽ
ʽó
ʽ
ʽز
ʽ곢
ʾŰ
ʾ
ʿ


â

  
 
ʱ 
ʱ
ʙα
ʝ

 
 
 
ȳ
ȷ
ȿ

 
 
ҷ
 t
 
˳
˻
˽t

 
̹
 
 
;

 
  
  
  
  H
 ӳ
 Ӵ
 Ӵ
 ӈH
  
 
 u
ΰ
ΰ
ΰٲ
ΰ
δ
ι
ι߳
ξ 
ξ 
ξ 
ξ H
ξӳ
ξӳ
ξӳ
ξӴ
ξӴ
ξӈH
 
Ŀ

ٲ
Γu
  
 
ϳ
ϼ
Ͼ
Ͼ 
Ͼ
 
Գ
  
 ?
 
 
 
 H
?
ֳ
ֳ
ֳ
ֳ빫
ֳ
ֳ
ִ
ִ
ִ
־ǿ
ֿ
ֈH
ز
س
ظ
ع
ļ
Ű

 ļ
ٰ
ٰ
ٲ
ټ
ٽ
ٽ
ٽ
ٽƼ
پ
پ
ļ
MOLCA
߸ī
ߺ
ߺ
߾ƴ


 
  
 ǳ
 ǿ
 ǿ
  
 ӳ





ത
മ
Ƴ
ƿ

 
 
ǳ
 
ӳ
࿩
࿬
  
  
  
  
  
 ۳
 ۳
 ۳
 ۴
 ۴

 
 
 
 
 
۳
۴

  
  
  
  
  
 
 
 
 
 

 
 
 
 
 




 Game $
 GAME $
 game $
 Game C
 game C
 GAME C
 Game@$
 GAME@$
 game@$
 Game@C
 game@C
 GAME@C
  $
 բ $
  C
 բ C
 @$
 բ@$
 @C
 բ@C
@Game $
@game $
@GAME $
@Game C
@game C
@GAME C
@Game@$
@game@$
@GAME@$
@Game@C
@game@C
@GAME@C
@բϢۢ $
@բϢۢ $
@բ $
@ $
@բϢۢ C
@բϢۢ C
@ C
@բ C
@բϢۢӡ@$
@բϢۢӡ@$
@@$
@բ@$
@բϢۢӡ@C
@@C
@բ@C
@բϢۢӡ@C
 Game$
 GAME$
 game$
 GameC
 GAMEC
 gameC
 $
 բ$
 C
 բC
@Game$
@GAME$
@game$
@GameC
@gameC
@GAMEC
@բϢۢ$
@$
@բϢۢ$
@բ$
@բϢۢӢC
@բϢۢӢC
@C
@բC
 Game
 GAME
 game
 
 բ
@Game
@GAME
@game
@բϢۢӿ
@
@բ
@բϢۢӿ
 C $
 C C
 C@$
 C@C
@C $
@C C
@C@$
@C@C
 C$
 CC
@C$
@CC
 C $
 C C
 C@$
 C@C
@C $
@C C
@C@$
@C@C
 C$
 CC
@C$
@CC
 C
@C
 C
@C
  $
  C
 ڡ@$
 ڡ@C
 $
 ڢC
 ڹ
Game $
GAME $
game $
Game C
GAME C
game C
Game@$
GAME@$
game@$
Game@C
game@C
GAME@C
 $
բϢۢ $
բ $
 C
բ C
բϢۢ C
@$
բϢۢӡ@$
բ@$
@C
բϢۢӡ@C
բ@C
Game$
game$
GAME$
GameC
gameC
GAMEC
$
բ$
բϢۢ$
C
բϢۢӢC
բC
Game
GAME
game

բ
բϢۢӿ
C $
C C
C@$
C@C
C$
CC
C $
C C
C@$
C@C
C$
CC
C
C
 $
 C
ڡ@$
ڡ@C
$
ڢC
ڹ

 
 
겥


곢
귴
꿢
꿢
 


 
 


 
 



 
 
 
 
 
 
  
 
  
 ̹
  
 Ի
 
 
 
 
 


ٶ



潦




η





 





 
̹
̹
̹
̹
̹
̺
̺
̺
̺
̻


Ǯ
 
Ի
u






Ǯ
ǳ
 
  
  
 ۳
 ۳
 
 
 
 
 
 
  
 ߳
 
 
 
 
 
 U
 
 

 
 
۳
۳
۳
۴







 
߳










귲





̹
̹
̹
̹
̹
̺
̺
̺
̺


Ǯ
U





Ǯ
 
 



 
 
 
 
 
 
 
 
 
 
 
 
 
  
 
 R
 U
 
 
 
 















η

N
R
U




 
 
  
 
 
  
 ٶ
 
 
 
  
 
 
  
 
 
 
  
 
 
 
 
 
  
  
 ζ
  
  
 ҳ
 Ҿ
 
  
 귲
  
 
 
 N
 R
 S
 X
 
 
 
 
 
  
  
  
  
 ӳ
 ӳ
 ӳ
 Ӵ
  
  
  
  
 
 
 
 紮
  
  
 ̹
 
 
 
 M
 P
 Q
 V
 u
 U
 V
 b
 l
 
 
 
 
 
 
 
 Ǯ
 ǳ
 
8
ʶ

21





 


 
ٶ

ڻ


߳
߳
߳
߳
߳
߳


 

漼
潦







 



 







 
ζ
η
η
η
η
θ
ξ

 
 
ҳ
Ҿ


 

귲

 



N
R
S
X


Ƕ



 
 
 
 
ӳ
ӳ
ӳ
Ӵ
 
 
 
 



紮
 
̴
̹
̹
̹
̹
̹
̺
̺
̺
̺
̻

Ǯ
Գ
Դ

â
Ű


M
P
Q
V
W
u
U
V
b
l





??


ȳ


Ǯ
ǳ


 


 
 
  
 
  
 
 
 
 â
 
   
  
 ʱ
 
  
  
  
 ȳ
 ȷ
 ȿ
 
  
  
 ҷ
 ҿ
8
ð
ó
ó
ó
ô
õ
ö
ö
ö
ö 
ö
ù
ù
ù
ú
ú
ú
ú
û
û
û
û
û
ûļ
ûŰ
û
û
û
û
û
ü
ü
ü
ü³
ý
ý
ý
ý
ý
ýó
ý
ýر
ýز
ýس
ýŰ
ý
ý곢
þŰ
þ
ÿ


â

  
 
ʱ 
ʱ

 
 
 
ȳ
ȷ
ȿ

Ǯ

 
 
ҷ
ҿ
 
 
ĳ
Ĺ
Ĺ
Ļ

  
 
 
  â
 â
Ƥ
ư 
ư
ư
ư
ư
ư
ư
Ʊ
Ʊâ
Ʊ
Ʊ
Ʊ â
Ʊâ
Ƹ
̷꿡ν
ۻ
ȿ
˸
˸
˸
˸
˹ٰ
˹ٱ
˹ٳ
˹ٸ
˹ٺ
˹
 ?
 
  
 
 
 
 
 
 
?
֤
ֳ
ֳ4
ֳ
ֵ
ַι
ַοȭ
ָ
ֹ
ֹ
ֺ
־

ڸ


֒
 
 â
ں
â
ߤ  
߳ 
ߴ
߼
߽
߽
߽25TV
߽MOLCA
߽MTV
߽ð
߽òٸ
߽ó
߽÷ũ
߽÷
߽ý
߽ķ
߽ڸ
߾ִ
߿
߿
ڷ
ķ

 
 
 
Ѱ
Ѱ
Ѱ
Ѱ
ѱ׸
ѳ
ѳSEX
Ѵ
ѵ
Ѹȭ
ѹ
ѹTV
ѹƼ
ѹ
ѻ
ѻƮ
ѻ
ѼҼ
Ѽ
ѿȭ
̾߱
Ŭ
ᵿ
Ό

  
 â
 

â
 
 
 ȭ
69
69TV
79
ΰ
ΰƮ
ΰ
ΰ
α
δ
δ
ε
κ
κȳƮ
μ
μTV
μҶ̵
νTV
ν
νƽþ
ν
νڸ
ν
νŸ
νŸ
ν
ν
ο
Ƽ
Ƽ





ͽ
 
 â

â
οǰ
ⱸ
ڸ԰
ڸ
ں
 


μ

Ծ

 

  
 

 




ߵ



̿

Ĵ

οȭ

ð
ʹ
ʹ
պ

侾
溴

攷
 
蔷
Ծ
 
 ˹


˹
Ʋ

s˰ڹCNmq

 
ڼ



̳೪
̳
̹ݼοǰ
̽ó
Ϻ
Ϻ̼ҳ
ϺǸ
Ϻθȭ
Ϻι
ԾȻ
 
 
,
.
JI
ڤ 
ھ

ⱸ



ǰ

ڸ

ҷ



߻

 
  
 ʳ


ⴤ

ʳ
 


ٱ
ٲ
ٷ
ȭ
C
Cٲ
  
 ھ
°ȭǰ
Ƽ
Ż
 
ھ

ä

켺οǰ


 

ư








Ϻθȭ
  
  
   
 
 
 
   
 
 
 
  
 ߸
  
   
  
   
 
 
v
 
ǰ
Ǹ



ġ
ư











 
߸





  
  







Ѵ
  
 
 


 
 




 
ư













̳


 
 
ư







÷
ø


밡
뿡










ͷ
깰

 
 


 
˶
  v
 v
 ī 
 ī 
 ī
  
  
  ơ
 
 
 ơ
ұ v
ұv
ī 
ī 
ī
ī
ī
 
 
 ơ
ⶼ


ơ
Գ
Դ
Ը
Ը
 
 
ճ
մ
ֹεϹȣ
ֹεϻ



γ
ϳ

漺
濩

ɺ
ɺ
˳
˹
 
ι
λ
â   
â  
â 
â 
â 
â
â
â
â
â
â
â
ò
ò
ò
ó Ӱ
ó Ծ
óื
óӰ
óԾ
ù 
ù
ûλ
û
ü
ü
ü
ĸ
ĸԾ

̳
̳

弭
ġ
ī 
ī 
ī
ī
Į󼽽
ĳ  
ĳ 
ĳ  Ű
ĳ 
ĳ
S
X
Ļ
ļ
ļ
ļ
ě
ɻŷ
ڸƼΰ̵
ڸƽƮ
ڸƿ
ڸγ
ڸȰɽ
ڼ
 
ܳ
ܵ
ܵ
ܵ
ܵ
ܵ
ܵǾ



𿡷
ũ丮
ū
ū
ū
ū
ŬAVŸ
Ŭ
Ŭ丮
ŭ
Ÿڸ
 Q
 h
 ģ
 Ƥ
 Ƹ
 ƾ
ޯQ
ޯh
ģ
Ī
Ī
Ƥ
Ƹ
ƾ
 
 



 
 
 
 
 
 






n
nť

K 
K





 

x
 
 
 
 
 
 
 
ù
ù
ù
ù
ú
ú
û


 

 
 
 
 
 
 
Գ
Ի
Լ
Ծ
Ծ
Ծ

 



 

X  
X  
X  
X  
X  
X  H
X ӳ
X ӳ
X ӳ
X Ӵ
X Ӵ
X ӈH
X
X
X 
X 
X 
X 
X 
X H
Xӳ
Xӳ
Xӳ
XӴ
XӈH
o 
o 
o 
o
o
o
y




ڸ
ó


ݴ
Ŭ
 
 
㤢
㳢
佺
j 
j 
j
j
q 
q 
q ļ
q
q
q
q
q
q
qļ






ļ
d 
d 
d 
d 
d 
d â
d 
d
d
d
d곢
d
d
dâ
d
f 
f 
f
f
fĶ
f

 
 
 
 â
 
   
  
 ʱ
 
 



˳

â

ʱ 
ʱ


 

ù
ù
þ
 

 
 
γ

 
 
褢


 

Ưܵ
дϽ
мǾؼ
Ƽ
Ƽ
Ƽ
Ӷġ
۸
  
Ͻ
̵
Ƽ
Ƽ 
Ƽ
ƼŰ
Ƽ
Ƽ
Ƽڸ
Ƽ

ƮϿ콺
Ƽ
赼
輷
  
γ


뼼
뼽





¼




,
.





÷̺̼Ҷ̵
÷̺̿¶
÷̺
÷̺
ѹ
ѹֲ
ѹٷ
Ӿֲ
Ӿ

Դֱ
Դٷ
Ի
Ÿ
ܵ
â
Ÿ
οܵ
Ÿ
ȣɳ
ȣγ
ȣλ
ȣλ
ȣڽ
ȣڽ
ȣ
ȣ𼽱
ȣ곢
ȣ
ȣ곢
ȣ
ȣ
ȣƮ
ȣƮ
ȣƼ
ȣ
ȥ
ȥ
Ȧڽ
ȭ  
ȭ ɳ
ȭ
ȭ 
ȭɳ
   
  ڽ
  
 ڽ
ķ  
ķ ڽ
ķ
ķ 
ķڽ
ķڽ
ĸ

Ի
н

ҳ
λ
